<?xml version="1.0" encoding="UTF-8"?>
<testng-results ignored="0" total="1" passed="1" failed="0" skipped="0">
  <reporter-output>
  </reporter-output>
  <suite started-at="2024-03-22T10:37:46 IST" name="Default suite" finished-at="2024-03-22T10:37:55 IST" duration-ms="9070">
    <groups>
    </groups>
    <test started-at="2024-03-22T10:37:46 IST" name="Default test" finished-at="2024-03-22T10:37:55 IST" duration-ms="9070">
      <class name="Basic1.OragnizationTest">
        <test-method signature="createOragnizationTest()[pri:0, instance:Basic1.OragnizationTest@59af0466]" started-at="2024-03-22T10:37:46 IST" name="createOragnizationTest" finished-at="2024-03-22T10:37:55 IST" duration-ms="9037" status="PASS">
          <reporter-output>
          </reporter-output>
        </test-method> <!-- createOragnizationTest -->
      </class> <!-- Basic1.OragnizationTest -->
    </test> <!-- Default test -->
  </suite> <!-- Default suite -->
</testng-results>
